<?xml version="1.0" encoding="UTF-8"?>
<!-- Generated by org.testng.reporters.JUnitReportReporter -->
<testsuite skipped="0" hostname="DESKTOP-F5F253E" name="com.exercise.rest_assured.AssuredTest" tests="1" failures="0" timestamp="15 八月 2017 07:06:44 GMT" time="1.892" errors="0">
  <testcase name="AssuredExercise" time="1.892" classname="com.exercise.rest_assured.AssuredTest"/>
</testsuite> <!-- com.exercise.rest_assured.AssuredTest -->
